AH00558: apache2: Could not reliably determine the server's fully qualified domain name, using 172.23.0.4. Set the 'ServerName' directive globally to suppress this message
[Tue Feb 06 08:10:35.602814 2024] [mpm_prefork:notice] [pid 1] AH00163: Apache/2.4.57 (Debian) PHP/8.2.15 configured -- resuming normal operations
[Tue Feb 06 08:10:35.603086 2024] [core:notice] [pid 1] AH00094: Command line: 'apache2 -D FOREGROUND'
[Tue Feb 06 08:17:02.622226 2024] [mpm_prefork:notice] [pid 1] AH00170: caught SIGWINCH, shutting down gracefully
AH00558: apache2: Could not reliably determine the server's fully qualified domain name, using 172.23.0.4. Set the 'ServerName' directive globally to suppress this message
[Tue Feb 06 08:17:59.420004 2024] [mpm_prefork:notice] [pid 1] AH00163: Apache/2.4.57 (Debian) PHP/8.2.15 configured -- resuming normal operations
[Tue Feb 06 08:17:59.420574 2024] [core:notice] [pid 1] AH00094: Command line: 'apache2 -D FOREGROUND'
[Tue Feb 06 08:20:55.217105 2024] [mpm_prefork:notice] [pid 1] AH00170: caught SIGWINCH, shutting down gracefully
AH00558: apache2: Could not reliably determine the server's fully qualified domain name, using 172.23.0.2. Set the 'ServerName' directive globally to suppress this message
[Tue Feb 06 08:21:56.944345 2024] [mpm_prefork:notice] [pid 1] AH00163: Apache/2.4.57 (Debian) PHP/8.2.15 configured -- resuming normal operations
[Tue Feb 06 08:21:56.944482 2024] [core:notice] [pid 1] AH00094: Command line: 'apache2 -D FOREGROUND'
[Tue Feb 06 08:55:24.176820 2024] [mpm_prefork:notice] [pid 1] AH00170: caught SIGWINCH, shutting down gracefully
AH00558: apache2: Could not reliably determine the server's fully qualified domain name, using 172.23.0.4. Set the 'ServerName' directive globally to suppress this message
[Tue Feb 06 08:58:12.468002 2024] [mpm_prefork:notice] [pid 1] AH00163: Apache/2.4.57 (Debian) PHP/8.2.15 configured -- resuming normal operations
[Tue Feb 06 08:58:12.468264 2024] [core:notice] [pid 1] AH00094: Command line: 'apache2 -D FOREGROUND'
[Tue Feb 06 14:58:47.079912 2024] [mpm_prefork:notice] [pid 1] AH00170: caught SIGWINCH, shutting down gracefully
AH00558: apache2: Could not reliably determine the server's fully qualified domain name, using 172.23.0.3. Set the 'ServerName' directive globally to suppress this message
[Tue Feb 06 14:59:19.427396 2024] [mpm_prefork:notice] [pid 1] AH00163: Apache/2.4.57 (Debian) PHP/8.2.15 configured -- resuming normal operations
[Tue Feb 06 14:59:19.427483 2024] [core:notice] [pid 1] AH00094: Command line: 'apache2 -D FOREGROUND'
[Wed Feb 07 00:48:06.609348 2024] [mpm_prefork:notice] [pid 1] AH00170: caught SIGWINCH, shutting down gracefully
